<?xml version="1.0" encoding="UTF-8"?>
<!-- Generated by org.testng.reporters.JUnitReportReporter -->
<testsuite hostname="RAKESH" failures="0" tests="1" name="cucumber.runner.CucumberTestRunner" time="10.445" errors="0" timestamp="2025-09-08T15:05:29 IST" skipped="0">
  <testcase classname="cucumber.runner.CucumberTestRunner" name="runScenario" time="10.445"/>
</testsuite> <!-- cucumber.runner.CucumberTestRunner -->
