<?xml version="1.0" encoding="UTF-8"?>
<!-- Generated by org.testng.reporters.JUnitReportReporter -->
<testsuite hostname="RAKESH" failures="0" tests="8" name="tests.CategoryAndCheckoutTest" time="40.068" errors="0" timestamp="2025-09-08T15:17:40 IST" skipped="0">
  <testcase classname="tests.CategoryAndCheckoutTest" name="addComputerProduct" time="6.140"/>
  <testcase classname="tests.CategoryAndCheckoutTest" name="addElectronicsProduct" time="4.795"/>
  <testcase classname="tests.CategoryAndCheckoutTest" name="addApparelProduct" time="4.141"/>
  <testcase classname="tests.CategoryAndCheckoutTest" name="addDigitalDownloadProduct" time="2.853"/>
  <testcase classname="tests.CategoryAndCheckoutTest" name="addBooksProduct" time="2.957"/>
  <testcase classname="tests.CategoryAndCheckoutTest" name="addJewelryRentalProduct" time="3.941"/>
  <testcase classname="tests.CategoryAndCheckoutTest" name="addVirtualGiftCardProduct" time="3.704"/>
  <testcase classname="tests.CategoryAndCheckoutTest" name="checkoutAllProducts" time="11.537"/>
</testsuite> <!-- tests.CategoryAndCheckoutTest -->
