<?xml version="1.0" encoding="UTF-8"?>
<!-- Generated by org.testng.reporters.JUnitReportReporter -->
<testsuite hostname="RAKESH" failures="0" tests="1" name="tests.WishlistToCartTest" time="7.280" errors="0" timestamp="2025-09-08T15:17:40 IST" skipped="0">
  <testcase classname="tests.WishlistToCartTest" name="testWishlistToCart" time="7.280"/>
</testsuite> <!-- tests.WishlistToCartTest -->
