<?xml version="1.0" encoding="UTF-8"?>
<!-- Generated by org.testng.reporters.JUnitReportReporter -->
<testsuite hostname="RAKESH" failures="0" tests="6" name="tests.RegistrationLogin" time="30.607" errors="0" timestamp="2025-09-08T15:17:40 IST" skipped="0">
  <testcase classname="tests.RegistrationLogin" name="testRegistration" time="9.265"/>
  <testcase classname="tests.RegistrationLogin" name="testRegistration" time="5.424"/>
  <testcase classname="tests.RegistrationLogin" name="testRegistration" time="4.605"/>
  <testcase classname="tests.RegistrationLogin" name="testLogin" time="4.014"/>
  <testcase classname="tests.RegistrationLogin" name="testLogin" time="3.664"/>
  <testcase classname="tests.RegistrationLogin" name="testLogin" time="3.635"/>
</testsuite> <!-- tests.RegistrationLogin -->
