<?xml version="1.0" encoding="UTF-8"?>
<!-- Generated by org.testng.reporters.JUnitReportReporter -->
<testsuite hostname="RAKESH" failures="0" tests="6" name="tests.RegistrationandLogin" time="43.506" errors="0" timestamp="2025-08-30T10:41:42 IST" skipped="0">
  <testcase classname="tests.RegistrationandLogin" name="testRegistration" time="7.480"/>
  <testcase classname="tests.RegistrationandLogin" name="testRegistration" time="7.103"/>
  <testcase classname="tests.RegistrationandLogin" name="testRegistration" time="7.643"/>
  <testcase classname="tests.RegistrationandLogin" name="testLogin" time="8.017"/>
  <testcase classname="tests.RegistrationandLogin" name="testLogin" time="6.008"/>
  <testcase classname="tests.RegistrationandLogin" name="testLogin" time="7.255"/>
</testsuite> <!-- tests.RegistrationandLogin -->
