<?xml version="1.0" encoding="UTF-8"?>
<!-- Generated by org.testng.reporters.JUnitReportReporter -->
<testsuite hostname="RAKESH" failures="0" tests="7" name="tests.CategoryTests" time="24.949" errors="0" timestamp="2025-09-07T18:40:07 IST" skipped="0">
  <testcase classname="tests.CategoryTests" name="addComputerProduct" time="4.146"/>
  <testcase classname="tests.CategoryTests" name="addElectronicsProduct" time="3.506"/>
  <testcase classname="tests.CategoryTests" name="addApparelProduct" time="3.716"/>
  <testcase classname="tests.CategoryTests" name="addDigitalDownloadProduct" time="2.801"/>
  <testcase classname="tests.CategoryTests" name="addBooksProduct" time="2.989"/>
  <testcase classname="tests.CategoryTests" name="addJewelryRentalProduct" time="4.686"/>
  <testcase classname="tests.CategoryTests" name="addVirtualGiftCardProduct" time="3.105"/>
</testsuite> <!-- tests.CategoryTests -->
